C51 COMPILER V9.60.7.0   BUZZER                                                            07/10/2024 21:06:35 PAGE 1   


C51 COMPILER V9.60.7.0, COMPILATION OF MODULE BUZZER
OBJECT MODULE PLACED IN .\Objects\buzzer.obj
COMPILER INVOKED BY: C:\Keil_v5\C51\BIN\C51.EXE buzzer.c OPTIMIZE(8,SPEED) BROWSE DEBUG OBJECTEXTEND PRINT(.\Listings\bu
                    -zzer.lst) OBJECT(.\Objects\buzzer.obj)

line level    source

   1          #include "buzzer.h"
   2          sbit Buzzer = P2^2; // p2.5 for pz
   3          
   4          void Delay500us()               //@12.000MHz
   5          {
   6   1              unsigned char i;
   7   1      
   8   1              _nop_();
   9   1              i = 247;
  10   1              while (--i);
  11   1      }
  12          
  13          void buzz_ms(u16 ms){
  14   1              while(ms--){
  15   2                      Buzzer = !Buzzer;
  16   2                      Delay500us();
  17   2              }
  18   1      }


MODULE INFORMATION:   STATIC OVERLAYABLE
   CODE SIZE        =     28    ----
   CONSTANT SIZE    =   ----    ----
   XDATA SIZE       =   ----    ----
   PDATA SIZE       =   ----    ----
   DATA SIZE        =   ----    ----
   IDATA SIZE       =   ----    ----
   BIT SIZE         =   ----    ----
END OF MODULE INFORMATION.


C51 COMPILATION COMPLETE.  0 WARNING(S),  0 ERROR(S)
