C51 COMPILER V9.60.7.0   DELAYMS                                                           06/28/2024 18:45:45 PAGE 1   


C51 COMPILER V9.60.7.0, COMPILATION OF MODULE DELAYMS
OBJECT MODULE PLACED IN .\Objects\delayms.obj
COMPILER INVOKED BY: C:\Keil_v5\C51\BIN\C51.EXE delayms.c OPTIMIZE(8,SPEED) BROWSE DEBUG OBJECTEXTEND PRINT(.\Listings\d
                    -elayms.lst) OBJECT(.\Objects\delayms.obj)

line level    source

   1          
   2          #include "delayms.h"
   3          #include "reg51.h"
   4          
   5          
   6          sbit LED1=P1^0;
   7          
   8          void time0_init(void)
   9          {
  10   1              TMOD|=0X01;//选择为定时器 0 模式，工作方式 1
  11   1              TH0=0XFC; //给定时器赋初值，定时 1ms
  12   1              TL0=0X18;
  13   1              ET0=1;//打开定时器 0 中断允许
  14   1              EA=1;//打开总中断
  15   1              TR0=1;//打开定时器
  16   1      }
  17          
  18          
  19          void time0() interrupt 1 //定时器 0 中断函数
  20          {
  21   1              static u16 i;//定义静态变量 i
  22   1              TH0=0XFC; //给定时器赋初值，定时 1ms
  23   1              TL0=0X18;
  24   1              i++;
  25   1              delay_count++;
  26   1              if(i==1000)
  27   1              {
  28   2                      i=0;
  29   2                      LED1=!LED1;
  30   2              }
  31   1      }
  32          
  33          void delay_ms(unsigned int ms)
  34          {
  35   1          
  36   1          time0_init();
  37   1          delay_count = 0; // Initialize delay_count
  38   1          while (delay_count < ms); // Wait until delay_count reaches ms
  39   1      }
*** WARNING C316 IN LINE 39 OF delayms.c: unterminated conditionals


MODULE INFORMATION:   STATIC OVERLAYABLE
   CODE SIZE        =     83    ----
   CONSTANT SIZE    =   ----    ----
   XDATA SIZE       =   ----    ----
   PDATA SIZE       =   ----    ----
   DATA SIZE        =      4    ----
   IDATA SIZE       =   ----    ----
   BIT SIZE         =   ----    ----
END OF MODULE INFORMATION.


C51 COMPILATION COMPLETE.  1 WARNING(S),  0 ERROR(S)
